<?xml version="1.0" encoding="UTF-8"?>
<!-- Generated by org.testng.reporters.JUnitReportReporter -->
<testsuite hostname="DESKTOP-J6JH1AJ" failures="0" tests="2" name="Groups_g.Groups1" time="0.045" errors="0" timestamp="2023-08-31T16:29:41 IST" skipped="0">
  <testcase classname="Groups_g.Groups1" name="test3" time="0.006"/>
  <testcase classname="Groups_g.Groups1" name="test1" time="0.039"/>
</testsuite> <!-- Groups_g.Groups1 -->
