<?xml version="1.0" encoding="UTF-8"?>
<!-- Generated by org.testng.reporters.JUnitReportReporter -->
<testsuite hostname="DESKTOP-J6JH1AJ" failures="0" tests="1" name="practiceclasses.classes2__1annotation" time="6.909" errors="0" timestamp="2023-08-21T17:35:24 IST" skipped="0">
  <testcase classname="practiceclasses.classes2__1annotation" name="test3" time="6.909"/>
</testsuite> <!-- practiceclasses.classes2__1annotation -->
