<?xml version="1.0" encoding="UTF-8"?>
<!-- Generated by org.testng.reporters.JUnitReportReporter -->
<testsuite hostname="DESKTOP-J6JH1AJ" failures="0" tests="1" name="excel_writing.write" time="2.145" errors="0" timestamp="2023-08-31T11:04:41 IST" skipped="0">
  <testcase classname="excel_writing.write" name="writing1" time="2.145"/>
</testsuite> <!-- excel_writing.write -->
