<?xml version="1.0" encoding="UTF-8"?>
<!-- Generated by org.testng.reporters.JUnitReportReporter -->
<testsuite hostname="DESKTOP-J6JH1AJ" failures="0" tests="2" name="priority.priority1" time="0.007" errors="0" timestamp="2023-08-21T10:21:06 IST" skipped="0">
  <testcase classname="priority.priority1" name="data2" time="0.003">
    <system-out>
      <![CDATA[word]]>
    </system-out>
  </testcase> <!-- data2 -->
  <testcase classname="priority.priority1" name="data1" time="0.004">
    <system-out>
      <![CDATA[hello]]>
    </system-out>
  </testcase> <!-- data1 -->
  <system-out>
    <![CDATA[hello
haii
hello
world
world
hello
hello
hello
word
hello]]>
  </system-out>
</testsuite> <!-- priority.priority1 -->
