<?xml version="1.0" encoding="UTF-8"?>
<!-- Generated by org.testng.reporters.JUnitReportReporter -->
<testsuite hostname="DESKTOP-J6JH1AJ" failures="0" tests="1" name="log4j.Report_4j" time="0.130" errors="0" timestamp="2023-08-30T10:28:15 IST" skipped="0">
  <testcase classname="log4j.Report_4j" name="report" time="0.130"/>
</testsuite> <!-- log4j.Report_4j -->
