<?xml version="1.0" encoding="UTF-8"?>
<!-- Generated by org.testng.reporters.JUnitReportReporter -->
<testsuite hostname="DESKTOP-J6JH1AJ" failures="0" tests="2" name="priority.enable" time="0.026" errors="0" timestamp="2023-08-21T15:42:06 IST" skipped="1">
  <testcase classname="priority.enable" name="data2" time="0.026">
    <system-out>
      <![CDATA[world]]>
    </system-out>
  </testcase> <!-- data2 -->
  <testcase classname="priority.enable" name="data1">
    <skipped/>
  </testcase> <!-- data1 -->
  <system-out>
    <![CDATA[world]]>
  </system-out>
</testsuite> <!-- priority.enable -->
