<?xml version="1.0" encoding="UTF-8"?>
<!-- Generated by org.testng.reporters.JUnitReportReporter -->
<testsuite hostname="DESKTOP-J6JH1AJ" failures="0" tests="1" name="property.parallel" time="0.026" errors="0" timestamp="2023-08-30T04:58:56 IST" skipped="0">
  <testcase classname="property.parallel" name="test" time="0.026"/>
</testsuite> <!-- property.parallel -->
