<?xml version="1.0" encoding="UTF-8"?>
<!-- Generated by org.testng.reporters.JUnitReportReporter -->
<testsuite hostname="DESKTOP-J6JH1AJ" failures="0" tests="1" name="report_type.Extend_report" time="0.897" errors="0" timestamp="2023-08-31T09:20:15 IST" skipped="0">
  <testcase classname="report_type.Extend_report" name="test" time="0.897"/>
</testsuite> <!-- report_type.Extend_report -->
