<?xml version="1.0" encoding="UTF-8"?>
<!-- Generated by org.testng.reporters.JUnitReportReporter -->
<testsuite hostname="DESKTOP-J6JH1AJ" failures="0" tests="1" name="NewClass.NewOne" time="7.647" errors="0" timestamp="2023-08-18T16:47:24 IST" skipped="0">
  <testcase classname="NewClass.NewOne" name="run" time="7.647"/>
</testsuite> <!-- NewClass.NewOne -->
