<?xml version="1.0" encoding="UTF-8"?>
<!-- Generated by org.testng.reporters.JUnitReportReporter -->
<testsuite hostname="DESKTOP-J6JH1AJ" failures="0" tests="1" name="pom_works.fb_testspt" time="18.617" errors="0" timestamp="2023-08-24T15:28:26 IST" skipped="0">
  <testcase classname="pom_works.fb_testspt" name="click1" time="18.617"/>
</testsuite> <!-- pom_works.fb_testspt -->
