<?xml version="1.0" encoding="UTF-8"?>
<!-- Generated by org.testng.reporters.JUnitReportReporter -->
<testsuite hostname="DESKTOP-J6JH1AJ" failures="0" tests="1" name="property.parallel2" time="0.024" errors="0" timestamp="2023-08-28T17:32:42 IST" skipped="0">
  <testcase classname="property.parallel2" name="test5" time="0.024"/>
</testsuite> <!-- property.parallel2 -->
