<?xml version="1.0" encoding="UTF-8"?>
<!-- Generated by org.testng.reporters.JUnitReportReporter -->
<testsuite hostname="DESKTOP-J6JH1AJ" failures="0" tests="1" name="test_script11.test_fbreg" time="29.104" errors="0" timestamp="2023-08-24T17:36:21 IST" skipped="0">
  <testcase classname="test_script11.test_fbreg" name="realtest" time="29.104"/>
</testsuite> <!-- test_script11.test_fbreg -->
