<?xml version="1.0" encoding="UTF-8"?>
<!-- Generated by org.testng.reporters.JUnitReportReporter -->
<testsuite hostname="DESKTOP-J6JH1AJ" failures="0" tests="2" name="programe1.test1" time="0.033" errors="0" timestamp="2023-08-21T10:21:06 IST" skipped="0">
  <testcase classname="programe1.test1" name="data1" time="0.018">
    <system-out>
      <![CDATA[hello]]>
    </system-out>
  </testcase> <!-- data1 -->
  <testcase classname="programe1.test1" name="data2" time="0.015">
    <system-out>
      <![CDATA[haii]]>
    </system-out>
  </testcase> <!-- data2 -->
  <system-out>
    <![CDATA[hello
haii
hello
world
world
hello
hello
hello
word
hello]]>
  </system-out>
</testsuite> <!-- programe1.test1 -->
