<?xml version="1.0" encoding="UTF-8"?>
<!-- Generated by org.testng.reporters.JUnitReportReporter -->
<testsuite hostname="DESKTOP-J6JH1AJ" failures="0" tests="1" name="log4j.log4j_reportcreate" time="0.114" errors="0" timestamp="2023-08-31T09:57:21 IST" skipped="0">
  <testcase classname="log4j.log4j_reportcreate" name="report" time="0.114"/>
</testsuite> <!-- log4j.log4j_reportcreate -->
