<?xml version="1.0" encoding="UTF-8"?>
<!-- Generated by org.testng.reporters.JUnitReportReporter -->
<testsuite hostname="DESKTOP-J6JH1AJ" failures="0" tests="4" name="priority.invocation_count" time="0.065" errors="0" timestamp="2023-08-21T10:21:06 IST" skipped="0">
  <testcase classname="priority.invocation_count" name="data2" time="0.008">
    <system-out>
      <![CDATA[world]]>
    </system-out>
  </testcase> <!-- data2 -->
  <testcase classname="priority.invocation_count" name="data1" time="0.008">
    <system-out>
      <![CDATA[hello]]>
    </system-out>
  </testcase> <!-- data1 -->
  <testcase classname="priority.invocation_count" name="data1" time="0.029">
    <system-out>
      <![CDATA[hello]]>
    </system-out>
  </testcase> <!-- data1 -->
  <testcase classname="priority.invocation_count" name="data1" time="0.020">
    <system-out>
      <![CDATA[hello]]>
    </system-out>
  </testcase> <!-- data1 -->
  <system-out>
    <![CDATA[hello
haii
hello
world
world
hello
hello
hello
word
hello]]>
  </system-out>
</testsuite> <!-- priority.invocation_count -->
